  [1m[35m (0.3ms)[0m  [1m[35mCREATE DATABASE "Bluebird_development" ENCODING = 'unicode'[0m
  [1m[35m (0.5ms)[0m  [1m[35mCREATE DATABASE "Bluebird_test" ENCODING = 'unicode'[0m
  [1m[35m (0.1ms)[0m  [1m[34mSELECT pg_try_advisory_lock(4242887966085195210)[0m
  [1m[35m (0.3ms)[0m  [1m[34mSELECT "schema_migrations"."version" FROM "schema_migrations" ORDER BY "schema_migrations"."version" ASC[0m
Migrating to CreateUsers (20201217173947)
  [1m[36mTRANSACTION (0.1ms)[0m  [1m[35mBEGIN[0m
  [1m[35m (7.3ms)[0m  [1m[35mCREATE TABLE "users" ("id" bigserial primary key, "email" character varying NOT NULL, "username" character varying NOT NULL, "created_at" timestamp(6) NOT NULL, "updated_at" timestamp(6) NOT NULL)[0m
  [1m[35m (3.2ms)[0m  [1m[35mCREATE UNIQUE INDEX "index_users_on_username" ON "users" ("username")[0m
  [1m[35m (3.1ms)[0m  [1m[35mCREATE UNIQUE INDEX "index_users_on_email" ON "users" ("email")[0m
  [1m[36mActiveRecord::SchemaMigration Create (0.3ms)[0m  [1m[32mINSERT INTO "schema_migrations" ("version") VALUES ($1) RETURNING "version"[0m  [["version", "20201217173947"]]
  [1m[36mTRANSACTION (1.1ms)[0m  [1m[35mCOMMIT[0m
  [1m[36mActiveRecord::InternalMetadata Load (0.3ms)[0m  [1m[34mSELECT "ar_internal_metadata".* FROM "ar_internal_metadata" WHERE "ar_internal_metadata"."key" = $1 LIMIT $2[0m  [["key", "environment"], ["LIMIT", 1]]
  [1m[35m (0.3ms)[0m  [1m[34mSELECT pg_advisory_unlock(4242887966085195210)[0m
  [1m[35m (0.3ms)[0m  [1m[34mSELECT "schema_migrations"."version" FROM "schema_migrations" ORDER BY "schema_migrations"."version" ASC[0m
  [1m[35m (0.3ms)[0m  [1m[34mSELECT "schema_migrations"."version" FROM "schema_migrations" ORDER BY "schema_migrations"."version" ASC[0m
  [1m[35m (0.1ms)[0m  [1m[34mSELECT pg_try_advisory_lock(4242887966085195210)[0m
  [1m[35m (0.3ms)[0m  [1m[34mSELECT "schema_migrations"."version" FROM "schema_migrations" ORDER BY "schema_migrations"."version" ASC[0m
Migrating to AddAgeAndPaToUsers (20201217175442)
  [1m[36mTRANSACTION (0.1ms)[0m  [1m[35mBEGIN[0m
  [1m[35m (0.3ms)[0m  [1m[35mALTER TABLE "users" ADD "political_affiliation" character varying[0m
  [1m[35m (0.1ms)[0m  [1m[35mALTER TABLE "users" ADD "age" integer NOT NULL[0m
  [1m[35m (9.3ms)[0m  [1m[35mCREATE INDEX "index_users_on_political_affiliation" ON "users" ("political_affiliation")[0m
  [1m[36mActiveRecord::SchemaMigration Create (0.2ms)[0m  [1m[32mINSERT INTO "schema_migrations" ("version") VALUES ($1) RETURNING "version"[0m  [["version", "20201217175442"]]
  [1m[36mTRANSACTION (1.0ms)[0m  [1m[35mCOMMIT[0m
  [1m[36mActiveRecord::InternalMetadata Load (0.1ms)[0m  [1m[34mSELECT "ar_internal_metadata".* FROM "ar_internal_metadata" WHERE "ar_internal_metadata"."key" = $1 LIMIT $2[0m  [["key", "environment"], ["LIMIT", 1]]
  [1m[35m (0.2ms)[0m  [1m[34mSELECT pg_advisory_unlock(4242887966085195210)[0m
  [1m[35m (0.4ms)[0m  [1m[34mSELECT "schema_migrations"."version" FROM "schema_migrations" ORDER BY "schema_migrations"."version" ASC[0m
  [1m[35m (0.3ms)[0m  [1m[34mSELECT "schema_migrations"."version" FROM "schema_migrations" ORDER BY "schema_migrations"."version" ASC[0m
  [1m[35m (0.3ms)[0m  [1m[34mSELECT "schema_migrations"."version" FROM "schema_migrations" ORDER BY "schema_migrations"."version" ASC[0m
  [1m[35m (0.1ms)[0m  [1m[34mSELECT pg_try_advisory_lock(4242887966085195210)[0m
  [1m[35m (0.3ms)[0m  [1m[34mSELECT "schema_migrations"."version" FROM "schema_migrations" ORDER BY "schema_migrations"."version" ASC[0m
Migrating to CreateChirps (20201217180113)
  [1m[36mTRANSACTION (0.1ms)[0m  [1m[35mBEGIN[0m
  [1m[35m (7.6ms)[0m  [1m[35mCREATE TABLE "chirps" ("id" bigserial primary key, "body" text NOT NULL, "author_id" integer NOT NULL, "created_at" timestamp(6) NOT NULL, "updated_at" timestamp(6) NOT NULL)[0m
  [1m[35m (3.1ms)[0m  [1m[35mCREATE INDEX "index_chirps_on_author_id" ON "chirps" ("author_id")[0m
  [1m[36mActiveRecord::SchemaMigration Create (0.3ms)[0m  [1m[32mINSERT INTO "schema_migrations" ("version") VALUES ($1) RETURNING "version"[0m  [["version", "20201217180113"]]
  [1m[36mTRANSACTION (1.1ms)[0m  [1m[35mCOMMIT[0m
  [1m[36mActiveRecord::InternalMetadata Load (0.2ms)[0m  [1m[34mSELECT "ar_internal_metadata".* FROM "ar_internal_metadata" WHERE "ar_internal_metadata"."key" = $1 LIMIT $2[0m  [["key", "environment"], ["LIMIT", 1]]
  [1m[35m (0.2ms)[0m  [1m[34mSELECT pg_advisory_unlock(4242887966085195210)[0m
  [1m[35m (0.3ms)[0m  [1m[34mSELECT "schema_migrations"."version" FROM "schema_migrations" ORDER BY "schema_migrations"."version" ASC[0m
  [1m[35m (0.3ms)[0m  [1m[34mSELECT "schema_migrations"."version" FROM "schema_migrations" ORDER BY "schema_migrations"."version" ASC[0m
  [1m[35m (0.4ms)[0m  [1m[34mSELECT "schema_migrations"."version" FROM "schema_migrations" ORDER BY "schema_migrations"."version" ASC[0m
  [1m[36mTRANSACTION (0.2ms)[0m  [1m[35mBEGIN[0m
  [1m[36mUser Exists? (0.8ms)[0m  [1m[34mSELECT 1 AS one FROM "users" WHERE "users"."username" = $1 LIMIT $2[0m  [["username", "ryan"], ["LIMIT", 1]]
  [1m[36mUser Exists? (0.3ms)[0m  [1m[34mSELECT 1 AS one FROM "users" WHERE "users"."email" = $1 LIMIT $2[0m  [["email", "ryan@aa.io"], ["LIMIT", 1]]
  [1m[36mUser Create (0.9ms)[0m  [1m[32mINSERT INTO "users" ("email", "username", "created_at", "updated_at") VALUES ($1, $2, $3, $4) RETURNING "id"[0m  [["email", "ryan@aa.io"], ["username", "ryan"], ["created_at", "2020-12-17 18:40:28.039418"], ["updated_at", "2020-12-17 18:40:28.039418"]]
  [1m[36mTRANSACTION (0.1ms)[0m  [1m[31mROLLBACK[0m
  [1m[36mTRANSACTION (0.4ms)[0m  [1m[35mBEGIN[0m
  [1m[36mUser Exists? (2.2ms)[0m  [1m[34mSELECT 1 AS one FROM "users" WHERE "users"."username" = $1 LIMIT $2[0m  [["username", "ryan"], ["LIMIT", 1]]
  [1m[36mUser Exists? (0.7ms)[0m  [1m[34mSELECT 1 AS one FROM "users" WHERE "users"."email" = $1 LIMIT $2[0m  [["email", "ryan@aa.io"], ["LIMIT", 1]]
  [1m[36mUser Create (1.5ms)[0m  [1m[32mINSERT INTO "users" ("email", "username", "created_at", "updated_at", "political_affiliation", "age") VALUES ($1, $2, $3, $4, $5, $6) RETURNING "id"[0m  [["email", "ryan@aa.io"], ["username", "ryan"], ["created_at", "2020-12-17 18:40:28.039418"], ["updated_at", "2020-12-17 18:40:28.039418"], ["political_affiliation", "JavaScript"], ["age", 79]]
  [1m[36mTRANSACTION (7.0ms)[0m  [1m[35mCOMMIT[0m
  [1m[36mUser Load (0.8ms)[0m  [1m[34mSELECT "users".* FROM "users"[0m
  [1m[36mTRANSACTION (0.1ms)[0m  [1m[35mBEGIN[0m
  [1m[36mUser Exists? (0.3ms)[0m  [1m[34mSELECT 1 AS one FROM "users" WHERE "users"."username" = $1 LIMIT $2[0m  [["username", "ryan"], ["LIMIT", 1]]
  [1m[36mUser Exists? (0.2ms)[0m  [1m[34mSELECT 1 AS one FROM "users" WHERE "users"."email" = $1 LIMIT $2[0m  [["email", "ryan@aa.io"], ["LIMIT", 1]]
  [1m[36mTRANSACTION (0.2ms)[0m  [1m[31mROLLBACK[0m
  [1m[36mUser Load (0.6ms)[0m  [1m[34mSELECT "users".* FROM "users"[0m
  [1m[36mTRANSACTION (0.5ms)[0m  [1m[35mBEGIN[0m
  [1m[36mUser Exists? (0.7ms)[0m  [1m[34mSELECT 1 AS one FROM "users" WHERE "users"."username" IS NULL LIMIT $1[0m  [["LIMIT", 1]]
  [1m[36mUser Exists? (0.7ms)[0m  [1m[34mSELECT 1 AS one FROM "users" WHERE "users"."email" IS NULL LIMIT $1[0m  [["LIMIT", 1]]
  [1m[36mTRANSACTION (0.4ms)[0m  [1m[31mROLLBACK[0m
  [1m[36mTRANSACTION (0.2ms)[0m  [1m[35mBEGIN[0m
  [1m[36mUser Exists? (0.5ms)[0m  [1m[34mSELECT 1 AS one FROM "users" WHERE "users"."username" IS NULL LIMIT $1[0m  [["LIMIT", 1]]
  [1m[36mUser Exists? (0.4ms)[0m  [1m[34mSELECT 1 AS one FROM "users" WHERE "users"."email" IS NULL LIMIT $1[0m  [["LIMIT", 1]]
  [1m[36mTRANSACTION (0.3ms)[0m  [1m[31mROLLBACK[0m
  [1m[36mTRANSACTION (0.3ms)[0m  [1m[35mBEGIN[0m
  [1m[36mUser Exists? (0.6ms)[0m  [1m[34mSELECT 1 AS one FROM "users" WHERE "users"."username" IS NULL LIMIT $1[0m  [["LIMIT", 1]]
  [1m[36mUser Exists? (0.5ms)[0m  [1m[34mSELECT 1 AS one FROM "users" WHERE "users"."email" IS NULL LIMIT $1[0m  [["LIMIT", 1]]
  [1m[36mTRANSACTION (0.5ms)[0m  [1m[31mROLLBACK[0m
  [1m[35m (0.3ms)[0m  [1m[34mSELECT "schema_migrations"."version" FROM "schema_migrations" ORDER BY "schema_migrations"."version" ASC[0m
  [1m[36mUser Load (0.3ms)[0m  [1m[34mSELECT "users".* FROM "users"[0m
  [1m[36mTRANSACTION (0.2ms)[0m  [1m[35mBEGIN[0m
  [1m[36mChirp Create (0.6ms)[0m  [1m[32mINSERT INTO "chirps" ("body", "author_id", "created_at", "updated_at") VALUES ($1, $2, $3, $4) RETURNING "id"[0m  [["body", "First chirp ever!!!!!!"], ["author_id", 2], ["created_at", "2020-12-17 18:57:40.197735"], ["updated_at", "2020-12-17 18:57:40.197735"]]
  [1m[36mTRANSACTION (7.3ms)[0m  [1m[35mCOMMIT[0m
DEPRECATION WARNING: Calling `<<` to an ActiveModel::Errors message array in order to add an error is deprecated. Please call `ActiveModel::Errors#add` instead. (called from __pry__ at (pry):9)
  [1m[36mTRANSACTION (0.2ms)[0m  [1m[35mBEGIN[0m
  [1m[36mChirp Create (0.3ms)[0m  [1m[32mINSERT INTO "chirps" ("body", "author_id", "created_at", "updated_at") VALUES ($1, $2, $3, $4) RETURNING "id"[0m  [["body", "this chirp is really longgggggggggggggggggggggggggggggggggggggggggggggggggggggggggggggggggggggggggggggggggggggggggggggggggggggggggggggggggggggggggggggggggggggggggggggggggggggggggggggggggggggggggggggggggggggggggggggggggggggggggggggggggggggggggg"], ["author_id", 2], ["created_at", "2020-12-17 19:03:58.656920"], ["updated_at", "2020-12-17 19:03:58.656920"]]
  [1m[36mTRANSACTION (7.1ms)[0m  [1m[35mCOMMIT[0m
  [1m[36mTRANSACTION (0.2ms)[0m  [1m[35mBEGIN[0m
  [1m[36mChirp Create (0.3ms)[0m  [1m[32mINSERT INTO "chirps" ("body", "author_id", "created_at", "updated_at") VALUES ($1, $2, $3, $4) RETURNING "id"[0m  [["body", "this chirp is really longgggggggggggggggggggggggggggggggggggggggggggggggggggggggggggggggggggggggggggggggggggggggggggggggggggggggggggggggggggggggggggggggggggggggggggggggggggggggggggggggggggggggggggggggggggggggggggggggggggggggggggggggggggggggggggggggggggggggggggggggggggggggggggggggggggggggggggggggggggggggggggggggggggggggggggggggggggggggggggggggggggggggggggggggggggggggggggggggggggggggggggggggggggggggggggggggggggggggggggggggggggggggggggggggggggggggggggggggggggggggggggggggggggggggggggggggggggggggggggggggggggggggggggggggggggggggggggggggggggggggggggggggggg"], ["author_id", 2], ["created_at", "2020-12-17 19:04:27.151501"], ["updated_at", "2020-12-17 19:04:27.151501"]]
  [1m[36mTRANSACTION (1.2ms)[0m  [1m[35mCOMMIT[0m
  [1m[36mChirp Load (0.3ms)[0m  [1m[34mSELECT "chirps".* FROM "chirps"[0m
  [1m[36mUser Load (0.7ms)[0m  [1m[34mSELECT "users".* FROM "users"[0m
  [1m[36mTRANSACTION (0.6ms)[0m  [1m[35mBEGIN[0m
  [1m[36mUser Exists? (0.7ms)[0m  [1m[34mSELECT 1 AS one FROM "users" WHERE "users"."username" = $1 LIMIT $2[0m  [["username", "stood"], ["LIMIT", 1]]
  [1m[36mUser Exists? (2.2ms)[0m  [1m[34mSELECT 1 AS one FROM "users" WHERE "users"."email" = $1 LIMIT $2[0m  [["email", "stood@gmail.com"], ["LIMIT", 1]]
  [1m[36mUser Create (0.6ms)[0m  [1m[32mINSERT INTO "users" ("email", "username", "created_at", "updated_at", "political_affiliation", "age") VALUES ($1, $2, $3, $4, $5, $6) RETURNING "id"[0m  [["email", "stood@gmail.com"], ["username", "stood"], ["created_at", "2020-12-17 19:39:38.021737"], ["updated_at", "2020-12-17 19:39:38.021737"], ["political_affiliation", "Ruby"], ["age", 25]]
  [1m[36mTRANSACTION (7.4ms)[0m  [1m[35mCOMMIT[0m
  [1m[36mUser Load (0.5ms)[0m  [1m[34mSELECT "users".* FROM "users"[0m
  [1m[36mUser Load (0.8ms)[0m  [1m[34mSELECT "users".* FROM "users" ORDER BY "users"."id" DESC LIMIT $1[0m  [["LIMIT", 1]]
  [1m[36mTRANSACTION (0.2ms)[0m  [1m[35mBEGIN[0m
  [1m[36mUser Load (0.2ms)[0m  [1m[34mSELECT "users".* FROM "users" WHERE "users"."id" = $1 LIMIT $2[0m  [["id", 3], ["LIMIT", 1]]
  [1m[36mChirp Create (0.2ms)[0m  [1m[32mINSERT INTO "chirps" ("body", "author_id", "created_at", "updated_at") VALUES ($1, $2, $3, $4) RETURNING "id"[0m  [["body", "Hit Dora with a Pan, Pandora"], ["author_id", 3], ["created_at", "2020-12-17 19:41:22.648892"], ["updated_at", "2020-12-17 19:41:22.648892"]]
  [1m[36mTRANSACTION (1.2ms)[0m  [1m[35mCOMMIT[0m
  [1m[36mChirp Load (0.5ms)[0m  [1m[34mSELECT "chirps".* FROM "chirps"[0m
  [1m[36mChirp Load (0.2ms)[0m  [1m[34mSELECT "chirps".* FROM "chirps" WHERE "chirps"."author_id" = $1[0m  [["author_id", 3]]
  [1m[36mTRANSACTION (0.3ms)[0m  [1m[35mBEGIN[0m
  [1m[36mUser Load (0.8ms)[0m  [1m[34mSELECT "users".* FROM "users" WHERE "users"."id" = $1 LIMIT $2[0m  [["id", 3], ["LIMIT", 1]]
  [1m[36mChirp Create (0.8ms)[0m  [1m[32mINSERT INTO "chirps" ("body", "author_id", "created_at", "updated_at") VALUES ($1, $2, $3, $4) RETURNING "id"[0m  [["body", "associations are the coolest thing yet"], ["author_id", 3], ["created_at", "2020-12-17 19:43:51.069458"], ["updated_at", "2020-12-17 19:43:51.069458"]]
  [1m[36mTRANSACTION (8.6ms)[0m  [1m[35mCOMMIT[0m
  [1m[36mChirp Load (0.7ms)[0m  [1m[34mSELECT "chirps".* FROM "chirps" WHERE "chirps"."author_id" = $1[0m  [["author_id", 3]]
  [1m[35m (0.2ms)[0m  [1m[34mSELECT "schema_migrations"."version" FROM "schema_migrations" ORDER BY "schema_migrations"."version" ASC[0m
  [1m[35m (0.1ms)[0m  [1m[34mSELECT pg_try_advisory_lock(4242887966085195210)[0m
  [1m[35m (0.3ms)[0m  [1m[34mSELECT "schema_migrations"."version" FROM "schema_migrations" ORDER BY "schema_migrations"."version" ASC[0m
Migrating to CreateLikes (20201217195314)
  [1m[36mTRANSACTION (0.1ms)[0m  [1m[35mBEGIN[0m
  [1m[35m (10.5ms)[0m  [1m[35mCREATE TABLE "likes" ("id" bigserial primary key, "liker_id" integer NOT NULL, "chirp_id" integer NOT NULL, "created_at" timestamp(6) NOT NULL, "updated_at" timestamp(6) NOT NULL)[0m
  [1m[35m (3.2ms)[0m  [1m[35mCREATE INDEX "index_likes_on_liker_id" ON "likes" ("liker_id")[0m
  [1m[35m (3.1ms)[0m  [1m[35mCREATE UNIQUE INDEX "index_likes_on_chirp_id_and_liker_id" ON "likes" ("chirp_id", "liker_id")[0m
  [1m[36mActiveRecord::SchemaMigration Create (0.2ms)[0m  [1m[32mINSERT INTO "schema_migrations" ("version") VALUES ($1) RETURNING "version"[0m  [["version", "20201217195314"]]
  [1m[36mTRANSACTION (1.0ms)[0m  [1m[35mCOMMIT[0m
  [1m[36mActiveRecord::InternalMetadata Load (0.2ms)[0m  [1m[34mSELECT "ar_internal_metadata".* FROM "ar_internal_metadata" WHERE "ar_internal_metadata"."key" = $1 LIMIT $2[0m  [["key", "environment"], ["LIMIT", 1]]
  [1m[35m (0.3ms)[0m  [1m[34mSELECT pg_advisory_unlock(4242887966085195210)[0m
  [1m[35m (0.3ms)[0m  [1m[34mSELECT "schema_migrations"."version" FROM "schema_migrations" ORDER BY "schema_migrations"."version" ASC[0m
  [1m[35m (0.4ms)[0m  [1m[34mSELECT "schema_migrations"."version" FROM "schema_migrations" ORDER BY "schema_migrations"."version" ASC[0m
  [1m[36mUser Load (0.3ms)[0m  [1m[34mSELECT "users".* FROM "users" ORDER BY "users"."id" ASC LIMIT $1[0m  [["LIMIT", 1]]
  [1m[36mChirp Load (0.9ms)[0m  [1m[34mSELECT "chirps".* FROM "chirps"[0m
  [1m[36mChirp Load (0.2ms)[0m  [1m[34mSELECT "chirps".* FROM "chirps" ORDER BY "chirps"."id" ASC LIMIT $1[0m  [["LIMIT", 1]]
  [1m[36mChirp Load (1.0ms)[0m  [1m[34mSELECT "chirps".* FROM "chirps" ORDER BY "chirps"."id" ASC LIMIT $1[0m  [["LIMIT", 1]]
  [1m[36mTRANSACTION (0.1ms)[0m  [1m[35mBEGIN[0m
  [1m[36mLike Exists? (0.4ms)[0m  [1m[34mSELECT 1 AS one FROM "likes" WHERE "likes"."liker_id" = $1 AND "likes"."chirp_id" = $2 LIMIT $3[0m  [["liker_id", 2], ["chirp_id", 1], ["LIMIT", 1]]
  [1m[36mUser Load (0.2ms)[0m  [1m[34mSELECT "users".* FROM "users" WHERE "users"."id" = $1 LIMIT $2[0m  [["id", 2], ["LIMIT", 1]]
  [1m[36mChirp Load (0.2ms)[0m  [1m[34mSELECT "chirps".* FROM "chirps" WHERE "chirps"."id" = $1 LIMIT $2[0m  [["id", 1], ["LIMIT", 1]]
  [1m[36mLike Create (0.4ms)[0m  [1m[32mINSERT INTO "likes" ("liker_id", "chirp_id", "created_at", "updated_at") VALUES ($1, $2, $3, $4) RETURNING "id"[0m  [["liker_id", 2], ["chirp_id", 1], ["created_at", "2020-12-17 20:20:28.949715"], ["updated_at", "2020-12-17 20:20:28.949715"]]
  [1m[36mTRANSACTION (3.6ms)[0m  [1m[35mCOMMIT[0m
  [1m[35m (1.9ms)[0m  [1m[34mSELECT COUNT(*) FROM "likes" WHERE "likes"."likes_id" = $1[0m  [["likes_id", 1]]
  [1m[35m (1.0ms)[0m  [1m[34mSELECT COUNT(*) FROM "likes" WHERE "likes"."chirp_id" = $1[0m  [["chirp_id", 2]]
  [1m[36mLike Load (0.8ms)[0m  [1m[34mSELECT "likes".* FROM "likes" WHERE "likes"."chirp_id" = $1[0m  [["chirp_id", 2]]
  [1m[36mChirp Load (0.7ms)[0m  [1m[34mSELECT "chirps".* FROM "chirps"[0m
  [1m[36mLike Load (0.4ms)[0m  [1m[34mSELECT "likes".* FROM "likes"[0m
  [1m[36mLike Load (0.8ms)[0m  [1m[34mSELECT "likes".* FROM "likes"[0m
  [1m[36mChirp Load (0.2ms)[0m  [1m[34mSELECT "chirps".* FROM "chirps" ORDER BY "chirps"."id" ASC LIMIT $1[0m  [["LIMIT", 1]]
  [1m[36mUser Load (0.2ms)[0m  [1m[34mSELECT "users".* FROM "users" ORDER BY "users"."id" ASC LIMIT $1[0m  [["LIMIT", 1]]
  [1m[36mTRANSACTION (0.4ms)[0m  [1m[35mBEGIN[0m
  [1m[36mLike Exists? (0.6ms)[0m  [1m[34mSELECT 1 AS one FROM "likes" WHERE "likes"."liker_id" = $1 AND "likes"."chirp_id" = $2 LIMIT $3[0m  [["liker_id", 2], ["chirp_id", 1], ["LIMIT", 1]]
  [1m[36mUser Load (0.5ms)[0m  [1m[34mSELECT "users".* FROM "users" WHERE "users"."id" = $1 LIMIT $2[0m  [["id", 2], ["LIMIT", 1]]
  [1m[36mChirp Load (0.5ms)[0m  [1m[34mSELECT "chirps".* FROM "chirps" WHERE "chirps"."id" = $1 LIMIT $2[0m  [["id", 1], ["LIMIT", 1]]
  [1m[36mTRANSACTION (0.4ms)[0m  [1m[31mROLLBACK[0m
  [1m[36mUser Load (0.2ms)[0m  [1m[34mSELECT "users".* FROM "users" ORDER BY "users"."id" ASC LIMIT $1[0m  [["LIMIT", 1]]
  [1m[36mChirp Load (0.3ms)[0m  [1m[34mSELECT "chirps".* FROM "chirps" INNER JOIN "likes" ON "chirps"."id" = "likes"."chirp_id" WHERE "likes"."chirp_id" = $1[0m  [["chirp_id", 2]]
  [1m[36mChirp Load (0.1ms)[0m  [1m[34mSELECT "chirps".* FROM "chirps" ORDER BY "chirps"."id" DESC LIMIT $1[0m  [["LIMIT", 1]]
  [1m[36mTRANSACTION (0.1ms)[0m  [1m[35mBEGIN[0m
  [1m[36mLike Exists? (0.3ms)[0m  [1m[34mSELECT 1 AS one FROM "likes" WHERE "likes"."liker_id" = $1 AND "likes"."chirp_id" = $2 LIMIT $3[0m  [["liker_id", 2], ["chirp_id", 5], ["LIMIT", 1]]
  [1m[36mUser Load (0.3ms)[0m  [1m[34mSELECT "users".* FROM "users" WHERE "users"."id" = $1 LIMIT $2[0m  [["id", 2], ["LIMIT", 1]]
  [1m[36mChirp Load (0.2ms)[0m  [1m[34mSELECT "chirps".* FROM "chirps" WHERE "chirps"."id" = $1 LIMIT $2[0m  [["id", 5], ["LIMIT", 1]]
  [1m[36mLike Create (0.3ms)[0m  [1m[32mINSERT INTO "likes" ("liker_id", "chirp_id", "created_at", "updated_at") VALUES ($1, $2, $3, $4) RETURNING "id"[0m  [["liker_id", 2], ["chirp_id", 5], ["created_at", "2020-12-17 21:39:36.885065"], ["updated_at", "2020-12-17 21:39:36.885065"]]
  [1m[36mTRANSACTION (7.1ms)[0m  [1m[35mCOMMIT[0m
  [1m[36mChirp Load (0.3ms)[0m  [1m[34mSELECT "chirps".* FROM "chirps" INNER JOIN "likes" ON "chirps"."id" = "likes"."chirp_id" WHERE "likes"."chirp_id" = $1[0m  [["chirp_id", 2]]
  [1m[36mChirp Load (0.3ms)[0m  [1m[34mSELECT "chirps".* FROM "chirps" INNER JOIN "likes" ON "chirps"."id" = "likes"."chirp_id" WHERE "likes"."chirp_id" = $1[0m  [["chirp_id", 2]]
  [1m[36mChirp Load (0.2ms)[0m  [1m[34mSELECT "chirps".* FROM "chirps" ORDER BY "chirps"."id" DESC LIMIT $1[0m  [["LIMIT", 1]]
  [1m[36mChirp Load (0.7ms)[0m  [1m[34mSELECT "chirps".* FROM "chirps"[0m
  [1m[36mUser Load (0.3ms)[0m  [1m[34mSELECT "users".* FROM "users"[0m
  [1m[36mLike Load (0.9ms)[0m  [1m[34mSELECT "likes".* FROM "likes"[0m
